[  5%] [32mBuilding CXX object CMakeFiles/delegation_node.dir/src/bt4_bumpgo/DelegationNode.cpp.o[0m
[ 15%] Built target gtest_main
[ 45%] Built target forward_node
[ 45%] Built target turn_node
[ 45%] Built target bt4_bumpgo
[ 60%] Built target is_obstacle_node
[ 65%] Built target gtest
[01m[K/home/rod/ros_ws/behaviorfleets/src/bt4_bumpgo/src/bt4_bumpgo/DelegationNode.cpp:3:10:[m[K [01;31m[Kfatal error: [m[Kbt4_bumpgo/DelegationNode.h: No such file or directory
    3 | #include [01;31m[K"bt4_bumpgo/DelegationNode.h"[m[K
      |          [01;31m[K^~~~~~~~~~~~~~~~~~~~~~~~~~~~~[m[K
compilation terminated.
gmake[2]: *** [CMakeFiles/delegation_node.dir/build.make:76: CMakeFiles/delegation_node.dir/src/bt4_bumpgo/DelegationNode.cpp.o] Error 1
gmake[1]: *** [CMakeFiles/Makefile2:288: CMakeFiles/delegation_node.dir/all] Error 2
gmake[1]: *** Waiting for unfinished jobs....
[ 75%] Built target back_node
[ 95%] Built target bt_forward
[ 95%] Built target bt_action_test
gmake: *** [Makefile:146: all] Error 2
