[0.018s] Invoking command in '/home/rod/ros_ws/behaviorfleets/build/bt4_bumpgo': AMENT_PREFIX_PATH=/home/rod/ros_ws/behaviorfleets/install/bf_msgs:/home/rod/ros_ws/behaviorfleets/install/behaviortree_cpp:${AMENT_PREFIX_PATH} CMAKE_PREFIX_PATH=/home/rod/ros_ws/behaviorfleets/install/bf_msgs:/home/rod/ros_ws/behaviorfleets/install/behaviortree_cpp:/opt/ros/humble LD_LIBRARY_PATH=/home/rod/ros_ws/behaviorfleets/install/bf_msgs/lib:/home/rod/ros_ws/behaviorfleets/install/behaviortree_cpp/lib:/usr/lib/x86_64-linux-gnu/gazebo-11/plugins:/opt/ros/humble/opt/rviz_ogre_vendor/lib:/opt/ros/humble/lib/x86_64-linux-gnu:/opt/ros/humble/lib:/usr/share/gazebo/../../lib/x86_64-linux-gnu/gazebo-11/plugins PATH=/home/rod/ros_ws/behaviorfleets/install/behaviortree_cpp/bin:${PATH} PYTHONPATH=/home/rod/ros_ws/behaviorfleets/install/bf_msgs/local/lib/python3.10/dist-packages:${PYTHONPATH} /usr/bin/cmake --build /home/rod/ros_ws/behaviorfleets/build/bt4_bumpgo -- -j8 -l8
[0.058s] [35m[1mConsolidate compiler generated dependencies of target delegation_node[0m
[0.073s] [ 10%] Built target gtest_main
[0.076s] [ 20%] Built target gtest
[0.077s] [ 35%] Built target turn_node
[0.077s] [ 40%] Built target bt4_bumpgo
[0.077s] [ 50%] Built target back_node
[0.079s] [ 70%] Built target is_obstacle_node
[0.079s] [ 70%] Built target forward_node
[0.082s] [ 75%] [32mBuilding CXX object CMakeFiles/delegation_node.dir/src/bt4_bumpgo/DelegationNode.cpp.o[0m
[0.097s] [ 85%] Built target bt_forward
[0.102s] [ 95%] Built target bt_action_test
[2.562s] In file included from [01m[K/home/rod/ros_ws/behaviorfleets/src/bt4_bumpgo/src/bt4_bumpgo/DelegationNode.cpp:5[m[K:
[2.563s] [01m[K/home/rod/ros_ws/behaviorfleets/src/bt4_bumpgo/include/bt4_bumpgo/DelegationNode.hpp:28:30:[m[K [01;31m[Kerror: [m[Kexpected identifier before â€˜[01m[K<[m[Kâ€™ token
[2.563s]    28 |   void child_status_callback([01;31m[K<[m[Kstd_msgs::msg::String>::UniquePtr msg);
[2.563s]       |                              [01;31m[K^[m[K
[2.563s] [01m[K/home/rod/ros_ws/behaviorfleets/src/bt4_bumpgo/include/bt4_bumpgo/DelegationNode.hpp:28:30:[m[K [01;31m[Kerror: [m[Kexpected â€˜[01m[K,[m[Kâ€™ or â€˜[01m[K...[m[Kâ€™ before â€˜[01m[K<[m[Kâ€™ token
[2.568s] [01m[K/home/rod/ros_ws/behaviorfleets/src/bt4_bumpgo/include/bt4_bumpgo/DelegationNode.hpp:33:21:[m[K [01;31m[Kerror: [m[Kâ€˜[01m[Kstd_msgs[m[Kâ€™ was not declared in this scope
[2.568s]    33 |   rclcpp::Publisher<[01;31m[Kstd_msgs[m[K::msg::String>::SharedPtr tree_pub_;
[2.568s]       |                     [01;31m[K^~~~~~~~[m[K
[2.568s] [01m[K/home/rod/ros_ws/behaviorfleets/src/bt4_bumpgo/include/bt4_bumpgo/DelegationNode.hpp:33:42:[m[K [01;31m[Kerror: [m[Ktemplate argument 1 is invalid
[2.568s]    33 |   rclcpp::Publisher<std_msgs::msg::String[01;31m[K>[m[K::SharedPtr tree_pub_;
[2.569s]       |                                          [01;31m[K^[m[K
[2.569s] [01m[K/home/rod/ros_ws/behaviorfleets/src/bt4_bumpgo/include/bt4_bumpgo/DelegationNode.hpp:33:45:[m[K [01;31m[Kerror: [m[Kexpected â€˜[01m[K;[m[Kâ€™ at end of member declaration
[2.569s]    33 |   rclcpp::Publisher<std_msgs::msg::String>::[01;31m[KSharedPtr[m[K tree_pub_;
[2.569s]       |                                             [01;31m[K^~~~~~~~~[m[K
[2.569s]       |                                                      [32m[K;[m[K
[2.570s] [01m[K/home/rod/ros_ws/behaviorfleets/src/bt4_bumpgo/include/bt4_bumpgo/DelegationNode.hpp:33:55:[m[K [01;31m[Kerror: [m[Kâ€˜[01m[Ktree_pub_[m[Kâ€™ does not name a type
[2.570s]    33 |   rclcpp::Publisher<std_msgs::msg::String>::SharedPtr [01;31m[Ktree_pub_[m[K;
[2.570s]       |                                                       [01;31m[K^~~~~~~~~[m[K
[2.575s] [01m[K/home/rod/ros_ws/behaviorfleets/src/bt4_bumpgo/include/bt4_bumpgo/DelegationNode.hpp:34:24:[m[K [01;31m[Kerror: [m[Kâ€˜[01m[Kstd_msgs[m[Kâ€™ was not declared in this scope
[2.575s]    34 |   rclcpp::Subscription<[01;31m[Kstd_msgs[m[K::msg::String>::SharedPtr child_sub_;
[2.575s]       |                        [01;31m[K^~~~~~~~[m[K
[2.575s] [01m[K/home/rod/ros_ws/behaviorfleets/src/bt4_bumpgo/include/bt4_bumpgo/DelegationNode.hpp:34:45:[m[K [01;31m[Kerror: [m[Ktemplate argument 1 is invalid
[2.576s]    34 |   rclcpp::Subscription<std_msgs::msg::String[01;31m[K>[m[K::SharedPtr child_sub_;
[2.576s]       |                                             [01;31m[K^[m[K
[2.576s] [01m[K/home/rod/ros_ws/behaviorfleets/src/bt4_bumpgo/include/bt4_bumpgo/DelegationNode.hpp:34:45:[m[K [01;31m[Kerror: [m[Ktemplate argument 3 is invalid
[2.576s] [01m[K/home/rod/ros_ws/behaviorfleets/src/bt4_bumpgo/include/bt4_bumpgo/DelegationNode.hpp:34:45:[m[K [01;31m[Kerror: [m[Ktemplate argument 4 is invalid
[2.576s] [01m[K/home/rod/ros_ws/behaviorfleets/src/bt4_bumpgo/include/bt4_bumpgo/DelegationNode.hpp:34:45:[m[K [01;31m[Kerror: [m[Ktemplate argument 5 is invalid
[2.576s] [01m[K/home/rod/ros_ws/behaviorfleets/src/bt4_bumpgo/include/bt4_bumpgo/DelegationNode.hpp:34:48:[m[K [01;31m[Kerror: [m[Kexpected â€˜[01m[K;[m[Kâ€™ at end of member declaration
[2.576s]    34 |   rclcpp::Subscription<std_msgs::msg::String>::[01;31m[KSharedPtr[m[K child_sub_;
[2.576s]       |                                                [01;31m[K^~~~~~~~~[m[K
[2.576s]       |                                                         [32m[K;[m[K
[2.576s] [01m[K/home/rod/ros_ws/behaviorfleets/src/bt4_bumpgo/include/bt4_bumpgo/DelegationNode.hpp:34:48:[m[K [01;31m[Kerror: [m[Kredeclaration of â€˜[01m[Kint bt4_bumpgo::DelegationNode::SharedPtr[m[Kâ€™
[2.576s] [01m[K/home/rod/ros_ws/behaviorfleets/src/bt4_bumpgo/include/bt4_bumpgo/DelegationNode.hpp:33:45:[m[K [01;36m[Knote: [m[Kprevious declaration â€˜[01m[Kint bt4_bumpgo::DelegationNode::SharedPtr[m[Kâ€™
[2.576s]    33 |   rclcpp::Publisher<std_msgs::msg::String>::[01;36m[KSharedPtr[m[K tree_pub_;
[2.576s]       |                                             [01;36m[K^~~~~~~~~[m[K
[2.577s] [01m[K/home/rod/ros_ws/behaviorfleets/src/bt4_bumpgo/include/bt4_bumpgo/DelegationNode.hpp:34:58:[m[K [01;31m[Kerror: [m[Kâ€˜[01m[Kchild_sub_[m[Kâ€™ does not name a type
[2.577s]    34 |   rclcpp::Subscription<std_msgs::msg::String>::SharedPtr [01;31m[Kchild_sub_[m[K;
[2.577s]       |                                                          [01;31m[K^~~~~~~~~~[m[K
[2.578s] [01m[K/home/rod/ros_ws/behaviorfleets/src/bt4_bumpgo/include/bt4_bumpgo/DelegationNode.hpp:36:3:[m[K [01;31m[Kerror: [m[Kâ€˜[01m[Kstd_msgs[m[Kâ€™ does not name a type
[2.578s]    36 |   [01;31m[Kstd_msgs[m[K::msg::String::UniquePtr child_status_;
[2.578s]       |   [01;31m[K^~~~~~~~[m[K
[2.580s] [01m[K/home/rod/ros_ws/behaviorfleets/src/bt4_bumpgo/include/bt4_bumpgo/DelegationNode.hpp:41:11:[m[K [01;31m[Kerror: [m[Kâ€˜[01m[KNodeStatus[m[Kâ€™ does not name a type
[2.580s]    41 |   virtual [01;31m[KNodeStatus[m[K tick() override;
[2.580s]       |           [01;31m[K^~~~~~~~~~[m[K
[2.583s] [01m[K/home/rod/ros_ws/behaviorfleets/src/bt4_bumpgo/src/bt4_bumpgo/DelegationNode.cpp:14:63:[m[K [01;31m[Kerror: [m[Kâ€˜[01m[KNodeConfig[m[Kâ€™ does not name a type
[2.583s]    14 | DelegationNode::DelegationNode(const std::string &name, const [01;31m[KNodeConfig[m[K &config) :
[2.583s]       |                                                               [01;31m[K^~~~~~~~~~[m[K
[2.583s] [01m[K/home/rod/ros_ws/behaviorfleets/src/bt4_bumpgo/src/bt4_bumpgo/DelegationNode.cpp:14:1:[m[K [01;31m[Kerror: [m[Kno declaration matches â€˜[01m[Kbt4_bumpgo::DelegationNode::DelegationNode(const string&, const int&)[m[Kâ€™
[2.583s]    14 | [01;31m[KDelegationNode[m[K::DelegationNode(const std::string &name, const NodeConfig &config) :
[2.583s]       | [01;31m[K^~~~~~~~~~~~~~[m[K
[2.583s] In file included from [01m[K/home/rod/ros_ws/behaviorfleets/src/bt4_bumpgo/src/bt4_bumpgo/DelegationNode.cpp:5[m[K:
[2.583s] [01m[K/home/rod/ros_ws/behaviorfleets/src/bt4_bumpgo/include/bt4_bumpgo/DelegationNode.hpp:15:7:[m[K [01;36m[Knote: [m[Kcandidates are: â€˜[01m[Kbt4_bumpgo::DelegationNode::DelegationNode(const bt4_bumpgo::DelegationNode&)[m[Kâ€™
[2.583s]    15 | class [01;36m[KDelegationNode[m[K : public BT::DecoratorNode
[2.583s]       |       [01;36m[K^~~~~~~~~~~~~~[m[K
[2.584s] [01m[K/home/rod/ros_ws/behaviorfleets/src/bt4_bumpgo/include/bt4_bumpgo/DelegationNode.hpp:19:3:[m[K [01;36m[Knote: [m[K                â€˜[01m[Kbt4_bumpgo::DelegationNode::DelegationNode(const string&, const BT::NodeConfig&)[m[Kâ€™
[2.584s]    19 |   [01;36m[KDelegationNode[m[K(const std::string& name, const BT::NodeConfig& config);
[2.584s]       |   [01;36m[K^~~~~~~~~~~~~~[m[K
[2.584s] [01m[K/home/rod/ros_ws/behaviorfleets/src/bt4_bumpgo/include/bt4_bumpgo/DelegationNode.hpp:15:7:[m[K [01;36m[Knote: [m[Kâ€˜[01m[Kclass bt4_bumpgo::DelegationNode[m[Kâ€™ defined here
[2.584s]    15 | class [01;36m[KDelegationNode[m[K : public BT::DecoratorNode
[2.584s]       |       [01;36m[K^~~~~~~~~~~~~~[m[K
[2.584s] [01m[K/home/rod/ros_ws/behaviorfleets/src/bt4_bumpgo/src/bt4_bumpgo/DelegationNode.cpp:28:1:[m[K [01;31m[Kerror: [m[Kvariable or field â€˜[01m[Kchild_status_callback[m[Kâ€™ declared void
[2.584s]    28 | [01;31m[KDelegationNode[m[K::child_status_callback(std_msgs::msg::String::UniquePtr msg)
[2.584s]       | [01;31m[K^~~~~~~~~~~~~~[m[K
[2.584s] [01m[K/home/rod/ros_ws/behaviorfleets/src/bt4_bumpgo/src/bt4_bumpgo/DelegationNode.cpp:28:39:[m[K [01;31m[Kerror: [m[Kâ€˜[01m[Kstd_msgs[m[Kâ€™ has not been declared
[2.584s]    28 | DelegationNode::child_status_callback([01;31m[Kstd_msgs[m[K::msg::String::UniquePtr msg)
[2.584s]       |                                       [01;31m[K^~~~~~~~[m[K
[2.584s] [01m[K/home/rod/ros_ws/behaviorfleets/src/bt4_bumpgo/src/bt4_bumpgo/DelegationNode.cpp:33:1:[m[K [01;31m[Kerror: [m[Kâ€˜[01m[KNodeStatus[m[Kâ€™ does not name a type
[2.584s]    33 | [01;31m[KNodeStatus[m[K DelegationNode::tick()
[2.584s]       | [01;31m[K^~~~~~~~~~[m[K
[3.603s] gmake[2]: *** [CMakeFiles/delegation_node.dir/build.make:76: CMakeFiles/delegation_node.dir/src/bt4_bumpgo/DelegationNode.cpp.o] Error 1
[3.603s] gmake[1]: *** [CMakeFiles/Makefile2:288: CMakeFiles/delegation_node.dir/all] Error 2
[3.603s] gmake: *** [Makefile:146: all] Error 2
[3.605s] Invoked command in '/home/rod/ros_ws/behaviorfleets/build/bt4_bumpgo' returned '2': AMENT_PREFIX_PATH=/home/rod/ros_ws/behaviorfleets/install/bf_msgs:/home/rod/ros_ws/behaviorfleets/install/behaviortree_cpp:${AMENT_PREFIX_PATH} CMAKE_PREFIX_PATH=/home/rod/ros_ws/behaviorfleets/install/bf_msgs:/home/rod/ros_ws/behaviorfleets/install/behaviortree_cpp:/opt/ros/humble LD_LIBRARY_PATH=/home/rod/ros_ws/behaviorfleets/install/bf_msgs/lib:/home/rod/ros_ws/behaviorfleets/install/behaviortree_cpp/lib:/usr/lib/x86_64-linux-gnu/gazebo-11/plugins:/opt/ros/humble/opt/rviz_ogre_vendor/lib:/opt/ros/humble/lib/x86_64-linux-gnu:/opt/ros/humble/lib:/usr/share/gazebo/../../lib/x86_64-linux-gnu/gazebo-11/plugins PATH=/home/rod/ros_ws/behaviorfleets/install/behaviortree_cpp/bin:${PATH} PYTHONPATH=/home/rod/ros_ws/behaviorfleets/install/bf_msgs/local/lib/python3.10/dist-packages:${PYTHONPATH} /usr/bin/cmake --build /home/rod/ros_ws/behaviorfleets/build/bt4_bumpgo -- -j8 -l8
