[01m[K/home/rod/ros_ws/behaviorfleets/src/bf_example/src/Test.cpp:18:10:[m[K [01;31m[Kfatal error: [m[KTest.hpp: No such file or directory
   18 | #include [01;31m[K"Test.hpp"[m[K
      |          [01;31m[K^~~~~~~~~~[m[K
compilation terminated.
gmake[2]: *** [CMakeFiles/bf_example.dir/build.make:90: CMakeFiles/bf_example.dir/src/Test.cpp.o] Error 1
gmake[1]: *** [CMakeFiles/Makefile2:137: CMakeFiles/bf_example.dir/all] Error 2
gmake: *** [Makefile:146: all] Error 2
