[35m[1mConsolidate compiler generated dependencies of target delegation_node[0m
[ 20%] Built target back_node
[ 20%] Built target gtest_main
[ 30%] Built target is_obstacle_node
[ 40%] Built target forward_node
[ 50%] Built target turn_node
[ 60%] Built target gtest
[ 70%] Built target bt4_bumpgo
[ 75%] [32mBuilding CXX object CMakeFiles/delegation_node.dir/src/bt4_bumpgo/DelegationNode.cpp.o[0m
[ 85%] Built target bt_forward
[ 95%] Built target bt_action_test
[01m[K/home/rod/ros_ws/behaviorfleets/src/bt4_bumpgo/src/bt4_bumpgo/DelegationNode.cpp:[m[K In constructor â€˜[01m[Kbt4_bumpgo::DelegationNode::DelegationNode(const string&, const BT::NodeConfig&)[m[Kâ€™:
[01m[K/home/rod/ros_ws/behaviorfleets/src/bt4_bumpgo/src/bt4_bumpgo/DelegationNode.cpp:18:9:[m[K [01;31m[Kerror: [m[Kno match for call to â€˜[01m[K(const BT::NodeConfig) ()[m[Kâ€™
   18 |   [01;31m[Kconfig()[m[K.blackboard->get("node", node_);
      |   [01;31m[K~~~~~~^~[m[K
gmake[2]: *** [CMakeFiles/delegation_node.dir/build.make:76: CMakeFiles/delegation_node.dir/src/bt4_bumpgo/DelegationNode.cpp.o] Error 1
gmake[1]: *** [CMakeFiles/Makefile2:288: CMakeFiles/delegation_node.dir/all] Error 2
gmake: *** [Makefile:146: all] Error 2
