[0.018s] Invoking command in '/home/rod/ros_ws/behaviorfleets/build/bt4_bumpgo': AMENT_PREFIX_PATH=/home/rod/ros_ws/behaviorfleets/install/bf_msgs:/home/rod/ros_ws/behaviorfleets/install/behaviortree_cpp:${AMENT_PREFIX_PATH} CMAKE_PREFIX_PATH=/home/rod/ros_ws/behaviorfleets/install/bf_msgs:/home/rod/ros_ws/behaviorfleets/install/behaviortree_cpp:/opt/ros/humble LD_LIBRARY_PATH=/home/rod/ros_ws/behaviorfleets/install/bf_msgs/lib:/home/rod/ros_ws/behaviorfleets/install/behaviortree_cpp/lib:/usr/lib/x86_64-linux-gnu/gazebo-11/plugins:/opt/ros/humble/opt/rviz_ogre_vendor/lib:/opt/ros/humble/lib/x86_64-linux-gnu:/opt/ros/humble/lib:/usr/share/gazebo/../../lib/x86_64-linux-gnu/gazebo-11/plugins PATH=/home/rod/ros_ws/behaviorfleets/install/behaviortree_cpp/bin:${PATH} PYTHONPATH=/home/rod/ros_ws/behaviorfleets/install/bf_msgs/local/lib/python3.10/dist-packages:${PYTHONPATH} /usr/bin/cmake --build /home/rod/ros_ws/behaviorfleets/build/bt4_bumpgo -- -j8 -l8
[0.074s] [  5%] [32mBuilding CXX object CMakeFiles/delegation_node.dir/src/decorators/DelegationNode.cpp.o[0m
[0.086s] [ 15%] Built target turn_node
[0.088s] In file included from [01m[K/home/rod/ros_ws/behaviorfleets/src/bt4_bumpgo/src/decorators/DelegationNode.cpp:1[m[K:
[0.088s] [01m[K/home/rod/ros_ws/behaviorfleets/src/bt4_bumpgo/include/decorators/DelegationNode.h:3:10:[m[K [01;31m[Kfatal error: [m[Kbf_msgs/msg/mission_command.hpp: No such file or directory
[0.088s]     3 | #include [01;31m[K"bf_msgs/msg/mission_command.hpp"[m[K
[0.089s]       |          [01;31m[K^~~~~~~~~~~~~~~~~~~~~~~~~~~~~~~~~[m[K
[0.089s] compilation terminated.
[0.089s] gmake[2]: *** [CMakeFiles/delegation_node.dir/build.make:76: CMakeFiles/delegation_node.dir/src/decorators/DelegationNode.cpp.o] Error 1
[0.089s] [ 25%] Built target back_node
[0.090s] gmake[1]: *** [CMakeFiles/Makefile2:288: CMakeFiles/delegation_node.dir/all] Error 2
[0.090s] gmake[1]: *** Waiting for unfinished jobs....
[0.090s] [ 35%] Built target is_obstacle_node
[0.094s] [ 55%] Built target forward_node
[0.094s] [ 55%] Built target bt4_bumpgo
[0.098s] [ 65%] Built target gtest
[0.099s] [ 75%] Built target gtest_main
[0.101s] gmake: *** [Makefile:146: all] Error 2
[0.103s] Invoked command in '/home/rod/ros_ws/behaviorfleets/build/bt4_bumpgo' returned '2': AMENT_PREFIX_PATH=/home/rod/ros_ws/behaviorfleets/install/bf_msgs:/home/rod/ros_ws/behaviorfleets/install/behaviortree_cpp:${AMENT_PREFIX_PATH} CMAKE_PREFIX_PATH=/home/rod/ros_ws/behaviorfleets/install/bf_msgs:/home/rod/ros_ws/behaviorfleets/install/behaviortree_cpp:/opt/ros/humble LD_LIBRARY_PATH=/home/rod/ros_ws/behaviorfleets/install/bf_msgs/lib:/home/rod/ros_ws/behaviorfleets/install/behaviortree_cpp/lib:/usr/lib/x86_64-linux-gnu/gazebo-11/plugins:/opt/ros/humble/opt/rviz_ogre_vendor/lib:/opt/ros/humble/lib/x86_64-linux-gnu:/opt/ros/humble/lib:/usr/share/gazebo/../../lib/x86_64-linux-gnu/gazebo-11/plugins PATH=/home/rod/ros_ws/behaviorfleets/install/behaviortree_cpp/bin:${PATH} PYTHONPATH=/home/rod/ros_ws/behaviorfleets/install/bf_msgs/local/lib/python3.10/dist-packages:${PYTHONPATH} /usr/bin/cmake --build /home/rod/ros_ws/behaviorfleets/build/bt4_bumpgo -- -j8 -l8
