[  5%] [32mBuilding CXX object CMakeFiles/delegation_node.dir/src/decorators/DelegationNode.cpp.o[0m
[ 15%] Built target gtest_main
[ 25%] Built target gtest
[ 55%] Built target back_node
[ 55%] Built target turn_node
[ 55%] Built target is_obstacle_node
In file included from [01m[K/home/rod/ros_ws/behaviorfleets/src/bt4_bumpgo/src/decorators/DelegationNode.cpp:1[m[K:
[01m[K/home/rod/ros_ws/behaviorfleets/src/bt4_bumpgo/include/decorators/DelegationNode.h:4:10:[m[K [01;31m[Kfatal error: [m[Kbf_msgs/msg/mission_command.hpp: No such file or directory
    4 | #include [01;31m[K"bf_msgs/msg/mission_command.hpp"[m[K
      |          [01;31m[K^~~~~~~~~~~~~~~~~~~~~~~~~~~~~~~~~[m[K
compilation terminated.
gmake[2]: *** [CMakeFiles/delegation_node.dir/build.make:76: CMakeFiles/delegation_node.dir/src/decorators/DelegationNode.cpp.o] Error 1
gmake[1]: *** [CMakeFiles/Makefile2:288: CMakeFiles/delegation_node.dir/all] Error 2
gmake[1]: *** Waiting for unfinished jobs....
[ 65%] Built target forward_node
[ 75%] Built target bt4_bumpgo
[ 90%] Built target bt_action_test
[ 95%] Built target bt_forward
gmake: *** [Makefile:146: all] Error 2
