[01m[K/home/rod/ros_ws/behaviorfleets/src/bt4_bumpgo/tests/bt_action_test.cpp:27:10:[m[K [01;31m[Kfatal error: [m[Kgeometry_msgs/msg/twist.hpp: No such file or directory
   27 | #include [01;31m[K"geometry_msgs/msg/twist.hpp"[m[K
      |          [01;31m[K^~~~~~~~~~~~~~~~~~~~~~~~~~~~~[m[K
compilation terminated.
gmake[2]: *** [tests/CMakeFiles/bt_action_test.dir/build.make:76: tests/CMakeFiles/bt_action_test.dir/bt_action_test.cpp.o] Error 1
gmake[1]: *** [CMakeFiles/Makefile2:201: tests/CMakeFiles/bt_action_test.dir/all] Error 2
gmake[1]: *** Waiting for unfinished jobs....
gmake: *** [Makefile:146: all] Error 2
