[35m[1mConsolidate compiler generated dependencies of target back_node[0m
[  5%] [32mBuilding CXX object CMakeFiles/delegation_node.dir/src/bt4_bumpgo/DelegationNode.cpp.o[0m
[ 25%] Built target gtest
[ 25%] Built target gtest_main
[ 35%] Built target turn_node
[ 45%] Built target forward_node
[ 55%] Built target is_obstacle_node
[ 70%] Built target bt4_bumpgo
[ 70%] [32mBuilding CXX object CMakeFiles/back_node.dir/src/bt4_bumpgo/Back.cpp.o[0m
[ 80%] Built target bt_forward
[ 90%] Built target bt_action_test
In file included from [01m[K/home/rod/ros_ws/behaviorfleets/src/bt4_bumpgo/src/bt4_bumpgo/DelegationNode.cpp:5[m[K:
[01m[K/home/rod/ros_ws/behaviorfleets/src/bt4_bumpgo/include/bt4_bumpgo/DelegationNode.hpp:20:10:[m[K [01;31m[Kfatal error: [m[Kbehaviortree_cpp/behavior_tree.h: No such file or directory
   20 | #include [01;31m[K"behaviortree_cpp/behavior_tree.h"[m[K
      |          [01;31m[K^~~~~~~~~~~~~~~~~~~~~~~~~~~~~~~~~~[m[K
compilation terminated.
gmake[2]: *** [CMakeFiles/delegation_node.dir/build.make:76: CMakeFiles/delegation_node.dir/src/bt4_bumpgo/DelegationNode.cpp.o] Error 1
gmake[1]: *** [CMakeFiles/Makefile2:288: CMakeFiles/delegation_node.dir/all] Error 2
gmake[1]: *** Waiting for unfinished jobs....
[ 95%] [32m[1mLinking CXX shared library libback_node.so[0m
[ 95%] Built target back_node
gmake: *** [Makefile:146: all] Error 2
