[0.018s] Invoking command in '/home/rod/ros_ws/behaviorfleets/build/bt4_bumpgo': AMENT_PREFIX_PATH=/home/rod/ros_ws/behaviorfleets/install/bf_msgs:/home/rod/ros_ws/behaviorfleets/install/behaviortree_cpp:${AMENT_PREFIX_PATH} CMAKE_PREFIX_PATH=/home/rod/ros_ws/behaviorfleets/install/bf_msgs:/home/rod/ros_ws/behaviorfleets/install/behaviortree_cpp:/opt/ros/humble LD_LIBRARY_PATH=/home/rod/ros_ws/behaviorfleets/install/bf_msgs/lib:/home/rod/ros_ws/behaviorfleets/install/behaviortree_cpp/lib:/usr/lib/x86_64-linux-gnu/gazebo-11/plugins:/opt/ros/humble/opt/rviz_ogre_vendor/lib:/opt/ros/humble/lib/x86_64-linux-gnu:/opt/ros/humble/lib:/usr/share/gazebo/../../lib/x86_64-linux-gnu/gazebo-11/plugins PATH=/home/rod/ros_ws/behaviorfleets/install/behaviortree_cpp/bin:${PATH} PYTHONPATH=/home/rod/ros_ws/behaviorfleets/install/bf_msgs/local/lib/python3.10/dist-packages:${PYTHONPATH} /usr/bin/cmake --build /home/rod/ros_ws/behaviorfleets/build/bt4_bumpgo -- -j8 -l8
[0.058s] [35m[1mConsolidate compiler generated dependencies of target back_node[0m
[0.067s] [  5%] [32mBuilding CXX object CMakeFiles/delegation_node.dir/src/bt4_bumpgo/DelegationNode.cpp.o[0m
[0.074s] [ 25%] Built target gtest
[0.074s] [ 25%] Built target gtest_main
[0.076s] [ 35%] Built target turn_node
[0.076s] [ 45%] Built target forward_node
[0.080s] [ 55%] Built target is_obstacle_node
[0.084s] [ 70%] Built target bt4_bumpgo
[0.084s] [ 70%] [32mBuilding CXX object CMakeFiles/back_node.dir/src/bt4_bumpgo/Back.cpp.o[0m
[0.102s] [ 80%] Built target bt_forward
[0.103s] [ 90%] Built target bt_action_test
[0.113s] In file included from [01m[K/home/rod/ros_ws/behaviorfleets/src/bt4_bumpgo/src/bt4_bumpgo/DelegationNode.cpp:5[m[K:
[0.113s] [01m[K/home/rod/ros_ws/behaviorfleets/src/bt4_bumpgo/include/bt4_bumpgo/DelegationNode.hpp:20:10:[m[K [01;31m[Kfatal error: [m[Kbehaviortree_cpp/behavior_tree.h: No such file or directory
[0.113s]    20 | #include [01;31m[K"behaviortree_cpp/behavior_tree.h"[m[K
[0.113s]       |          [01;31m[K^~~~~~~~~~~~~~~~~~~~~~~~~~~~~~~~~~[m[K
[0.113s] compilation terminated.
[0.114s] gmake[2]: *** [CMakeFiles/delegation_node.dir/build.make:76: CMakeFiles/delegation_node.dir/src/bt4_bumpgo/DelegationNode.cpp.o] Error 1
[0.114s] gmake[1]: *** [CMakeFiles/Makefile2:288: CMakeFiles/delegation_node.dir/all] Error 2
[0.114s] gmake[1]: *** Waiting for unfinished jobs....
[5.600s] [ 95%] [32m[1mLinking CXX shared library libback_node.so[0m
[5.826s] [ 95%] Built target back_node
[5.827s] gmake: *** [Makefile:146: all] Error 2
[5.829s] Invoked command in '/home/rod/ros_ws/behaviorfleets/build/bt4_bumpgo' returned '2': AMENT_PREFIX_PATH=/home/rod/ros_ws/behaviorfleets/install/bf_msgs:/home/rod/ros_ws/behaviorfleets/install/behaviortree_cpp:${AMENT_PREFIX_PATH} CMAKE_PREFIX_PATH=/home/rod/ros_ws/behaviorfleets/install/bf_msgs:/home/rod/ros_ws/behaviorfleets/install/behaviortree_cpp:/opt/ros/humble LD_LIBRARY_PATH=/home/rod/ros_ws/behaviorfleets/install/bf_msgs/lib:/home/rod/ros_ws/behaviorfleets/install/behaviortree_cpp/lib:/usr/lib/x86_64-linux-gnu/gazebo-11/plugins:/opt/ros/humble/opt/rviz_ogre_vendor/lib:/opt/ros/humble/lib/x86_64-linux-gnu:/opt/ros/humble/lib:/usr/share/gazebo/../../lib/x86_64-linux-gnu/gazebo-11/plugins PATH=/home/rod/ros_ws/behaviorfleets/install/behaviortree_cpp/bin:${PATH} PYTHONPATH=/home/rod/ros_ws/behaviorfleets/install/bf_msgs/local/lib/python3.10/dist-packages:${PYTHONPATH} /usr/bin/cmake --build /home/rod/ros_ws/behaviorfleets/build/bt4_bumpgo -- -j8 -l8
