-- Found ament_cmake: 1.3.3 (/opt/ros/humble/share/ament_cmake/cmake)
-- Override CMake install command with custom implementation using symlinks instead of copying resources
-- Found rclcpp: 16.0.3 (/opt/ros/humble/share/rclcpp/cmake)
-- Found rosidl_generator_c: 3.1.4 (/opt/ros/humble/share/rosidl_generator_c/cmake)
-- Found rosidl_adapter: 3.1.4 (/opt/ros/humble/share/rosidl_adapter/cmake)
-- Found rosidl_generator_cpp: 3.1.4 (/opt/ros/humble/share/rosidl_generator_cpp/cmake)
-- Using all available rosidl_typesupport_c: rosidl_typesupport_fastrtps_c;rosidl_typesupport_introspection_c
-- Using all available rosidl_typesupport_cpp: rosidl_typesupport_fastrtps_cpp;rosidl_typesupport_introspection_cpp
-- Found rmw_implementation_cmake: 6.1.1 (/opt/ros/humble/share/rmw_implementation_cmake/cmake)
-- Found rmw_fastrtps_cpp: 6.2.2 (/opt/ros/humble/share/rmw_fastrtps_cpp/cmake)
-- Using RMW implementation 'rmw_fastrtps_cpp' as default
-- Found behaviortree_cpp: 4.1.1 (/home/rod/ros_ws/behaviorfleets/install/behaviortree_cpp/share/behaviortree_cpp/cmake)
-- Found sensor_msgs: 4.2.3 (/opt/ros/humble/share/sensor_msgs/cmake)
-- Found backward_ros: 1.0.2 (/opt/ros/humble/share/backward_ros/cmake)
-- Could NOT find libbfd (missing: LIBBFD_LIBRARY LIBBFD_INCLUDE_DIR) 
-- BACKWARD_HAS_UNWIND=1
-- BACKWARD_HAS_BACKTRACE=0
-- BACKWARD_HAS_BACKTRACE_SYMBOL=0
-- BACKWARD_HAS_DW=1
-- BACKWARD_HAS_BFD=0
-- Found Backward: /opt/ros/humble/share/backward_ros/cmake  
-- Found bf_msgs: 0.2.0 (/home/rod/ros_ws/behaviorfleets/install/bf_msgs/share/bf_msgs/cmake)
-- ZeroMQ found.
-- Found ament_lint_auto: 0.12.5 (/opt/ros/humble/share/ament_lint_auto/cmake)
-- Found gtest sources under '/opt/ros/humble/src/gtest_vendor': C++ tests using 'Google Test' will be built
-- Added test 'copyright' to check source files copyright and LICENSE
-- Added test 'cppcheck' to perform static code analysis on C / C++ code
-- Configured cppcheck include dirs: /home/rod/ros_ws/behaviorfleets/src/bt4_bumpgo/include
-- Configured cppcheck exclude dirs and/or files: 
-- Added test 'cpplint' to check C / C++ code against the Google style
-- Configured cpplint exclude dirs and/or files: 
-- Added test 'flake8' to check Python code syntax and style conventions
-- Added test 'lint_cmake' to check CMake code style
-- Added test 'pep257' to check Python code against some of the docstring style conventions in PEP 257
-- Added test 'uncrustify' to check C / C++ code style
-- Configured uncrustify additional arguments: 
-- Added test 'xmllint' to check XML markup files
-- Configuring done
-- Generating done
-- Build files have been written to: /home/rod/ros_ws/behaviorfleets/build/bt4_bumpgo
[35m[1mConsolidate compiler generated dependencies of target gtest_main[0m
[35m[1mConsolidate compiler generated dependencies of target is_obstacle_node[0m
[35m[1mConsolidate compiler generated dependencies of target turn_node[0m
[35m[1mConsolidate compiler generated dependencies of target forward_node[0m
[35m[1mConsolidate compiler generated dependencies of target gtest[0m
[35m[1mConsolidate compiler generated dependencies of target back_node[0m
[35m[1mConsolidate compiler generated dependencies of target bt4_bumpgo[0m
[  5%] [32mBuilding CXX object CMakeFiles/delegation_node.dir/src/bt4_bumpgo/DelegationNode.cpp.o[0m
[ 15%] Built target gtest_main
[ 25%] Built target gtest
[ 35%] Built target back_node
[ 45%] Built target is_obstacle_node
[ 55%] Built target forward_node
[ 65%] Built target bt4_bumpgo
[ 75%] Built target turn_node
[35m[1mConsolidate compiler generated dependencies of target bt_forward[0m
[35m[1mConsolidate compiler generated dependencies of target bt_action_test[0m
[ 85%] Built target bt_forward
[ 95%] Built target bt_action_test
In file included from [01m[K/home/rod/ros_ws/behaviorfleets/src/bt4_bumpgo/src/bt4_bumpgo/DelegationNode.cpp:5[m[K:
[01m[K/home/rod/ros_ws/behaviorfleets/src/bt4_bumpgo/include/bt4_bumpgo/DelegationNode.hpp:28:30:[m[K [01;31m[Kerror: [m[Kexpected identifier before â€˜[01m[K<[m[Kâ€™ token
   28 |   void child_status_callback([01;31m[K<[m[Kstd_msgs::msg::String>::UniquePtr msg);
      |                              [01;31m[K^[m[K
[01m[K/home/rod/ros_ws/behaviorfleets/src/bt4_bumpgo/include/bt4_bumpgo/DelegationNode.hpp:28:30:[m[K [01;31m[Kerror: [m[Kexpected â€˜[01m[K,[m[Kâ€™ or â€˜[01m[K...[m[Kâ€™ before â€˜[01m[K<[m[Kâ€™ token
[01m[K/home/rod/ros_ws/behaviorfleets/src/bt4_bumpgo/include/bt4_bumpgo/DelegationNode.hpp:33:20:[m[K [01;31m[Kerror: [m[Kexpected unqualified-id before â€˜[01m[K<<[m[Kâ€™ token
   33 |   rclcpp::Publisher[01;31m[K<<[m[Kstd_msgs::msg::String>>::SharedPtr tree_pub_;
      |                    [01;31m[K^~[m[K
[01m[K/home/rod/ros_ws/behaviorfleets/src/bt4_bumpgo/include/bt4_bumpgo/DelegationNode.hpp:34:23:[m[K [01;31m[Kerror: [m[Kexpected unqualified-id before â€˜[01m[K<<[m[Kâ€™ token
   34 |   rclcpp::Subscription[01;31m[K<<[m[Kstd_msgs::msg::String>>::SharedPtr child_sub_;
      |                       [01;31m[K^~[m[K
[01m[K/home/rod/ros_ws/behaviorfleets/src/bt4_bumpgo/include/bt4_bumpgo/DelegationNode.hpp:36:3:[m[K [01;31m[Kerror: [m[Kâ€˜[01m[Kstd_msgs[m[Kâ€™ does not name a type
   36 |   [01;31m[Kstd_msgs[m[K::msg::String::UniquePtr child_status_;
      |   [01;31m[K^~~~~~~~[m[K
[01m[K/home/rod/ros_ws/behaviorfleets/src/bt4_bumpgo/include/bt4_bumpgo/DelegationNode.hpp:41:11:[m[K [01;31m[Kerror: [m[Kâ€˜[01m[KNodeStatus[m[Kâ€™ does not name a type
   41 |   virtual [01;31m[KNodeStatus[m[K tick() override;
      |           [01;31m[K^~~~~~~~~~[m[K
[01m[K/home/rod/ros_ws/behaviorfleets/src/bt4_bumpgo/src/bt4_bumpgo/DelegationNode.cpp:14:63:[m[K [01;31m[Kerror: [m[Kâ€˜[01m[KNodeConfig[m[Kâ€™ does not name a type
   14 | DelegationNode::DelegationNode(const std::string &name, const [01;31m[KNodeConfig[m[K &config) :
      |                                                               [01;31m[K^~~~~~~~~~[m[K
[01m[K/home/rod/ros_ws/behaviorfleets/src/bt4_bumpgo/src/bt4_bumpgo/DelegationNode.cpp:14:1:[m[K [01;31m[Kerror: [m[Kno declaration matches â€˜[01m[Kbt4_bumpgo::DelegationNode::DelegationNode(const string&, const int&)[m[Kâ€™
   14 | [01;31m[KDelegationNode[m[K::DelegationNode(const std::string &name, const NodeConfig &config) :
      | [01;31m[K^~~~~~~~~~~~~~[m[K
In file included from [01m[K/home/rod/ros_ws/behaviorfleets/src/bt4_bumpgo/src/bt4_bumpgo/DelegationNode.cpp:5[m[K:
[01m[K/home/rod/ros_ws/behaviorfleets/src/bt4_bumpgo/include/bt4_bumpgo/DelegationNode.hpp:15:7:[m[K [01;36m[Knote: [m[Kcandidates are: â€˜[01m[Kbt4_bumpgo::DelegationNode::DelegationNode(const bt4_bumpgo::DelegationNode&)[m[Kâ€™
   15 | class [01;36m[KDelegationNode[m[K : public BT::DecoratorNode
      |       [01;36m[K^~~~~~~~~~~~~~[m[K
[01m[K/home/rod/ros_ws/behaviorfleets/src/bt4_bumpgo/include/bt4_bumpgo/DelegationNode.hpp:19:3:[m[K [01;36m[Knote: [m[K                â€˜[01m[Kbt4_bumpgo::DelegationNode::DelegationNode(const string&, const BT::NodeConfig&)[m[Kâ€™
   19 |   [01;36m[KDelegationNode[m[K(const std::string& name, const BT::NodeConfig& config);
      |   [01;36m[K^~~~~~~~~~~~~~[m[K
[01m[K/home/rod/ros_ws/behaviorfleets/src/bt4_bumpgo/include/bt4_bumpgo/DelegationNode.hpp:15:7:[m[K [01;36m[Knote: [m[Kâ€˜[01m[Kclass bt4_bumpgo::DelegationNode[m[Kâ€™ defined here
   15 | class [01;36m[KDelegationNode[m[K : public BT::DecoratorNode
      |       [01;36m[K^~~~~~~~~~~~~~[m[K
[01m[K/home/rod/ros_ws/behaviorfleets/src/bt4_bumpgo/src/bt4_bumpgo/DelegationNode.cpp:28:1:[m[K [01;31m[Kerror: [m[Kvariable or field â€˜[01m[Kchild_status_callback[m[Kâ€™ declared void
   28 | [01;31m[KDelegationNode[m[K::child_status_callback(std_msgs::msg::String::UniquePtr msg)
      | [01;31m[K^~~~~~~~~~~~~~[m[K
[01m[K/home/rod/ros_ws/behaviorfleets/src/bt4_bumpgo/src/bt4_bumpgo/DelegationNode.cpp:28:39:[m[K [01;31m[Kerror: [m[Kâ€˜[01m[Kstd_msgs[m[Kâ€™ has not been declared
   28 | DelegationNode::child_status_callback([01;31m[Kstd_msgs[m[K::msg::String::UniquePtr msg)
      |                                       [01;31m[K^~~~~~~~[m[K
[01m[K/home/rod/ros_ws/behaviorfleets/src/bt4_bumpgo/src/bt4_bumpgo/DelegationNode.cpp:33:1:[m[K [01;31m[Kerror: [m[Kâ€˜[01m[KNodeStatus[m[Kâ€™ does not name a type
   33 | [01;31m[KNodeStatus[m[K DelegationNode::tick()
      | [01;31m[K^~~~~~~~~~[m[K
gmake[2]: *** [CMakeFiles/delegation_node.dir/build.make:76: CMakeFiles/delegation_node.dir/src/bt4_bumpgo/DelegationNode.cpp.o] Error 1
gmake[1]: *** [CMakeFiles/Makefile2:288: CMakeFiles/delegation_node.dir/all] Error 2
gmake: *** [Makefile:146: all] Error 2
