[0.017s] Invoking command in '/home/rod/ros_ws/behaviorfleets/build/bt4_bumpgo': AMENT_PREFIX_PATH=/home/rod/ros_ws/behaviorfleets/install/bf_msgs:/home/rod/ros_ws/behaviorfleets/install/behaviortree_cpp:${AMENT_PREFIX_PATH} CMAKE_PREFIX_PATH=/home/rod/ros_ws/behaviorfleets/install/bf_msgs:/home/rod/ros_ws/behaviorfleets/install/behaviortree_cpp:/opt/ros/humble LD_LIBRARY_PATH=/home/rod/ros_ws/behaviorfleets/install/bf_msgs/lib:/home/rod/ros_ws/behaviorfleets/install/behaviortree_cpp/lib:/usr/lib/x86_64-linux-gnu/gazebo-11/plugins:/opt/ros/humble/opt/rviz_ogre_vendor/lib:/opt/ros/humble/lib/x86_64-linux-gnu:/opt/ros/humble/lib:/usr/share/gazebo/../../lib/x86_64-linux-gnu/gazebo-11/plugins PATH=/home/rod/ros_ws/behaviorfleets/install/behaviortree_cpp/bin:${PATH} PYTHONPATH=/home/rod/ros_ws/behaviorfleets/install/bf_msgs/local/lib/python3.10/dist-packages:${PYTHONPATH} /usr/bin/cmake --build /home/rod/ros_ws/behaviorfleets/build/bt4_bumpgo -- -j8 -l8
[0.038s] -- Found ament_cmake: 1.3.3 (/opt/ros/humble/share/ament_cmake/cmake)
[0.172s] -- Override CMake install command with custom implementation using symlinks instead of copying resources
[0.178s] -- Found rclcpp: 16.0.3 (/opt/ros/humble/share/rclcpp/cmake)
[0.209s] -- Found rosidl_generator_c: 3.1.4 (/opt/ros/humble/share/rosidl_generator_c/cmake)
[0.211s] -- Found rosidl_adapter: 3.1.4 (/opt/ros/humble/share/rosidl_adapter/cmake)
[0.217s] -- Found rosidl_generator_cpp: 3.1.4 (/opt/ros/humble/share/rosidl_generator_cpp/cmake)
[0.228s] -- Using all available rosidl_typesupport_c: rosidl_typesupport_fastrtps_c;rosidl_typesupport_introspection_c
[0.244s] -- Using all available rosidl_typesupport_cpp: rosidl_typesupport_fastrtps_cpp;rosidl_typesupport_introspection_cpp
[0.299s] -- Found rmw_implementation_cmake: 6.1.1 (/opt/ros/humble/share/rmw_implementation_cmake/cmake)
[0.300s] -- Found rmw_fastrtps_cpp: 6.2.2 (/opt/ros/humble/share/rmw_fastrtps_cpp/cmake)
[0.419s] -- Using RMW implementation 'rmw_fastrtps_cpp' as default
[0.595s] -- Found behaviortree_cpp: 4.1.1 (/home/rod/ros_ws/behaviorfleets/install/behaviortree_cpp/share/behaviortree_cpp/cmake)
[0.597s] -- Found sensor_msgs: 4.2.3 (/opt/ros/humble/share/sensor_msgs/cmake)
[0.728s] -- Found backward_ros: 1.0.2 (/opt/ros/humble/share/backward_ros/cmake)
[0.732s] -- Could NOT find libbfd (missing: LIBBFD_LIBRARY LIBBFD_INCLUDE_DIR) 
[0.732s] -- BACKWARD_HAS_UNWIND=1
[0.732s] -- BACKWARD_HAS_BACKTRACE=0
[0.732s] -- BACKWARD_HAS_BACKTRACE_SYMBOL=0
[0.732s] -- BACKWARD_HAS_DW=1
[0.732s] -- BACKWARD_HAS_BFD=0
[0.733s] -- Found Backward: /opt/ros/humble/share/backward_ros/cmake  
[0.733s] -- Found bf_msgs: 0.2.0 (/home/rod/ros_ws/behaviorfleets/install/bf_msgs/share/bf_msgs/cmake)
[0.769s] -- ZeroMQ found.
[0.782s] -- Found ament_lint_auto: 0.12.5 (/opt/ros/humble/share/ament_lint_auto/cmake)
[0.851s] -- Found gtest sources under '/opt/ros/humble/src/gtest_vendor': C++ tests using 'Google Test' will be built
[0.862s] -- Added test 'copyright' to check source files copyright and LICENSE
[0.864s] -- Added test 'cppcheck' to perform static code analysis on C / C++ code
[0.864s] -- Configured cppcheck include dirs: /home/rod/ros_ws/behaviorfleets/src/bt4_bumpgo/include
[0.864s] -- Configured cppcheck exclude dirs and/or files: 
[0.866s] -- Added test 'cpplint' to check C / C++ code against the Google style
[0.866s] -- Configured cpplint exclude dirs and/or files: 
[0.866s] -- Added test 'flake8' to check Python code syntax and style conventions
[0.867s] -- Added test 'lint_cmake' to check CMake code style
[0.867s] -- Added test 'pep257' to check Python code against some of the docstring style conventions in PEP 257
[0.868s] -- Added test 'uncrustify' to check C / C++ code style
[0.868s] -- Configured uncrustify additional arguments: 
[0.869s] -- Added test 'xmllint' to check XML markup files
[0.871s] -- Configuring done
[0.910s] -- Generating done
[0.912s] -- Build files have been written to: /home/rod/ros_ws/behaviorfleets/build/bt4_bumpgo
[0.940s] [35m[1mConsolidate compiler generated dependencies of target gtest_main[0m
[0.941s] [35m[1mConsolidate compiler generated dependencies of target is_obstacle_node[0m
[0.941s] [35m[1mConsolidate compiler generated dependencies of target turn_node[0m
[0.941s] [35m[1mConsolidate compiler generated dependencies of target forward_node[0m
[0.941s] [35m[1mConsolidate compiler generated dependencies of target gtest[0m
[0.941s] [35m[1mConsolidate compiler generated dependencies of target back_node[0m
[0.943s] [35m[1mConsolidate compiler generated dependencies of target bt4_bumpgo[0m
[0.957s] [  5%] [32mBuilding CXX object CMakeFiles/delegation_node.dir/src/bt4_bumpgo/DelegationNode.cpp.o[0m
[0.960s] [ 15%] Built target gtest_main
[0.965s] [ 25%] Built target gtest
[0.965s] [ 35%] Built target back_node
[0.967s] [ 45%] Built target is_obstacle_node
[0.967s] [ 55%] Built target forward_node
[0.969s] [ 65%] Built target bt4_bumpgo
[0.969s] [ 75%] Built target turn_node
[0.972s] [35m[1mConsolidate compiler generated dependencies of target bt_forward[0m
[0.976s] [35m[1mConsolidate compiler generated dependencies of target bt_action_test[0m
[0.988s] [ 85%] Built target bt_forward
[0.992s] [ 95%] Built target bt_action_test
[3.480s] In file included from [01m[K/home/rod/ros_ws/behaviorfleets/src/bt4_bumpgo/src/bt4_bumpgo/DelegationNode.cpp:5[m[K:
[3.480s] [01m[K/home/rod/ros_ws/behaviorfleets/src/bt4_bumpgo/include/bt4_bumpgo/DelegationNode.hpp:28:30:[m[K [01;31m[Kerror: [m[Kexpected identifier before â€˜[01m[K<[m[Kâ€™ token
[3.480s]    28 |   void child_status_callback([01;31m[K<[m[Kstd_msgs::msg::String>::UniquePtr msg);
[3.480s]       |                              [01;31m[K^[m[K
[3.480s] [01m[K/home/rod/ros_ws/behaviorfleets/src/bt4_bumpgo/include/bt4_bumpgo/DelegationNode.hpp:28:30:[m[K [01;31m[Kerror: [m[Kexpected â€˜[01m[K,[m[Kâ€™ or â€˜[01m[K...[m[Kâ€™ before â€˜[01m[K<[m[Kâ€™ token
[3.480s] [01m[K/home/rod/ros_ws/behaviorfleets/src/bt4_bumpgo/include/bt4_bumpgo/DelegationNode.hpp:33:20:[m[K [01;31m[Kerror: [m[Kexpected unqualified-id before â€˜[01m[K<<[m[Kâ€™ token
[3.480s]    33 |   rclcpp::Publisher[01;31m[K<<[m[Kstd_msgs::msg::String>>::SharedPtr tree_pub_;
[3.480s]       |                    [01;31m[K^~[m[K
[3.481s] [01m[K/home/rod/ros_ws/behaviorfleets/src/bt4_bumpgo/include/bt4_bumpgo/DelegationNode.hpp:34:23:[m[K [01;31m[Kerror: [m[Kexpected unqualified-id before â€˜[01m[K<<[m[Kâ€™ token
[3.481s]    34 |   rclcpp::Subscription[01;31m[K<<[m[Kstd_msgs::msg::String>>::SharedPtr child_sub_;
[3.481s]       |                       [01;31m[K^~[m[K
[3.482s] [01m[K/home/rod/ros_ws/behaviorfleets/src/bt4_bumpgo/include/bt4_bumpgo/DelegationNode.hpp:36:3:[m[K [01;31m[Kerror: [m[Kâ€˜[01m[Kstd_msgs[m[Kâ€™ does not name a type
[3.482s]    36 |   [01;31m[Kstd_msgs[m[K::msg::String::UniquePtr child_status_;
[3.482s]       |   [01;31m[K^~~~~~~~[m[K
[3.483s] [01m[K/home/rod/ros_ws/behaviorfleets/src/bt4_bumpgo/include/bt4_bumpgo/DelegationNode.hpp:41:11:[m[K [01;31m[Kerror: [m[Kâ€˜[01m[KNodeStatus[m[Kâ€™ does not name a type
[3.483s]    41 |   virtual [01;31m[KNodeStatus[m[K tick() override;
[3.483s]       |           [01;31m[K^~~~~~~~~~[m[K
[3.486s] [01m[K/home/rod/ros_ws/behaviorfleets/src/bt4_bumpgo/src/bt4_bumpgo/DelegationNode.cpp:14:63:[m[K [01;31m[Kerror: [m[Kâ€˜[01m[KNodeConfig[m[Kâ€™ does not name a type
[3.486s]    14 | DelegationNode::DelegationNode(const std::string &name, const [01;31m[KNodeConfig[m[K &config) :
[3.486s]       |                                                               [01;31m[K^~~~~~~~~~[m[K
[3.486s] [01m[K/home/rod/ros_ws/behaviorfleets/src/bt4_bumpgo/src/bt4_bumpgo/DelegationNode.cpp:14:1:[m[K [01;31m[Kerror: [m[Kno declaration matches â€˜[01m[Kbt4_bumpgo::DelegationNode::DelegationNode(const string&, const int&)[m[Kâ€™
[3.487s]    14 | [01;31m[KDelegationNode[m[K::DelegationNode(const std::string &name, const NodeConfig &config) :
[3.487s]       | [01;31m[K^~~~~~~~~~~~~~[m[K
[3.487s] In file included from [01m[K/home/rod/ros_ws/behaviorfleets/src/bt4_bumpgo/src/bt4_bumpgo/DelegationNode.cpp:5[m[K:
[3.487s] [01m[K/home/rod/ros_ws/behaviorfleets/src/bt4_bumpgo/include/bt4_bumpgo/DelegationNode.hpp:15:7:[m[K [01;36m[Knote: [m[Kcandidates are: â€˜[01m[Kbt4_bumpgo::DelegationNode::DelegationNode(const bt4_bumpgo::DelegationNode&)[m[Kâ€™
[3.487s]    15 | class [01;36m[KDelegationNode[m[K : public BT::DecoratorNode
[3.487s]       |       [01;36m[K^~~~~~~~~~~~~~[m[K
[3.487s] [01m[K/home/rod/ros_ws/behaviorfleets/src/bt4_bumpgo/include/bt4_bumpgo/DelegationNode.hpp:19:3:[m[K [01;36m[Knote: [m[K                â€˜[01m[Kbt4_bumpgo::DelegationNode::DelegationNode(const string&, const BT::NodeConfig&)[m[Kâ€™
[3.487s]    19 |   [01;36m[KDelegationNode[m[K(const std::string& name, const BT::NodeConfig& config);
[3.487s]       |   [01;36m[K^~~~~~~~~~~~~~[m[K
[3.487s] [01m[K/home/rod/ros_ws/behaviorfleets/src/bt4_bumpgo/include/bt4_bumpgo/DelegationNode.hpp:15:7:[m[K [01;36m[Knote: [m[Kâ€˜[01m[Kclass bt4_bumpgo::DelegationNode[m[Kâ€™ defined here
[3.487s]    15 | class [01;36m[KDelegationNode[m[K : public BT::DecoratorNode
[3.487s]       |       [01;36m[K^~~~~~~~~~~~~~[m[K
[3.487s] [01m[K/home/rod/ros_ws/behaviorfleets/src/bt4_bumpgo/src/bt4_bumpgo/DelegationNode.cpp:28:1:[m[K [01;31m[Kerror: [m[Kvariable or field â€˜[01m[Kchild_status_callback[m[Kâ€™ declared void
[3.487s]    28 | [01;31m[KDelegationNode[m[K::child_status_callback(std_msgs::msg::String::UniquePtr msg)
[3.487s]       | [01;31m[K^~~~~~~~~~~~~~[m[K
[3.487s] [01m[K/home/rod/ros_ws/behaviorfleets/src/bt4_bumpgo/src/bt4_bumpgo/DelegationNode.cpp:28:39:[m[K [01;31m[Kerror: [m[Kâ€˜[01m[Kstd_msgs[m[Kâ€™ has not been declared
[3.488s]    28 | DelegationNode::child_status_callback([01;31m[Kstd_msgs[m[K::msg::String::UniquePtr msg)
[3.488s]       |                                       [01;31m[K^~~~~~~~[m[K
[3.488s] [01m[K/home/rod/ros_ws/behaviorfleets/src/bt4_bumpgo/src/bt4_bumpgo/DelegationNode.cpp:33:1:[m[K [01;31m[Kerror: [m[Kâ€˜[01m[KNodeStatus[m[Kâ€™ does not name a type
[3.488s]    33 | [01;31m[KNodeStatus[m[K DelegationNode::tick()
[3.488s]       | [01;31m[K^~~~~~~~~~[m[K
[4.495s] gmake[2]: *** [CMakeFiles/delegation_node.dir/build.make:76: CMakeFiles/delegation_node.dir/src/bt4_bumpgo/DelegationNode.cpp.o] Error 1
[4.495s] gmake[1]: *** [CMakeFiles/Makefile2:288: CMakeFiles/delegation_node.dir/all] Error 2
[4.495s] gmake: *** [Makefile:146: all] Error 2
[4.498s] Invoked command in '/home/rod/ros_ws/behaviorfleets/build/bt4_bumpgo' returned '2': AMENT_PREFIX_PATH=/home/rod/ros_ws/behaviorfleets/install/bf_msgs:/home/rod/ros_ws/behaviorfleets/install/behaviortree_cpp:${AMENT_PREFIX_PATH} CMAKE_PREFIX_PATH=/home/rod/ros_ws/behaviorfleets/install/bf_msgs:/home/rod/ros_ws/behaviorfleets/install/behaviortree_cpp:/opt/ros/humble LD_LIBRARY_PATH=/home/rod/ros_ws/behaviorfleets/install/bf_msgs/lib:/home/rod/ros_ws/behaviorfleets/install/behaviortree_cpp/lib:/usr/lib/x86_64-linux-gnu/gazebo-11/plugins:/opt/ros/humble/opt/rviz_ogre_vendor/lib:/opt/ros/humble/lib/x86_64-linux-gnu:/opt/ros/humble/lib:/usr/share/gazebo/../../lib/x86_64-linux-gnu/gazebo-11/plugins PATH=/home/rod/ros_ws/behaviorfleets/install/behaviortree_cpp/bin:${PATH} PYTHONPATH=/home/rod/ros_ws/behaviorfleets/install/bf_msgs/local/lib/python3.10/dist-packages:${PYTHONPATH} /usr/bin/cmake --build /home/rod/ros_ws/behaviorfleets/build/bt4_bumpgo -- -j8 -l8
