[0.017s] Invoking command in '/home/rod/ros_ws/behaviorfleets/build/bt4_bumpgo': AMENT_PREFIX_PATH=/home/rod/ros_ws/behaviorfleets/install/bf_msgs:/home/rod/ros_ws/behaviorfleets/install/behaviortree_cpp:${AMENT_PREFIX_PATH} CMAKE_PREFIX_PATH=/home/rod/ros_ws/behaviorfleets/install/bf_msgs:/home/rod/ros_ws/behaviorfleets/install/behaviortree_cpp:/opt/ros/humble LD_LIBRARY_PATH=/home/rod/ros_ws/behaviorfleets/install/bf_msgs/lib:/home/rod/ros_ws/behaviorfleets/install/behaviortree_cpp/lib:/usr/lib/x86_64-linux-gnu/gazebo-11/plugins:/opt/ros/humble/opt/rviz_ogre_vendor/lib:/opt/ros/humble/lib/x86_64-linux-gnu:/opt/ros/humble/lib:/usr/share/gazebo/../../lib/x86_64-linux-gnu/gazebo-11/plugins PATH=/home/rod/ros_ws/behaviorfleets/install/behaviortree_cpp/bin:${PATH} PYTHONPATH=/home/rod/ros_ws/behaviorfleets/install/bf_msgs/local/lib/python3.10/dist-packages:${PYTHONPATH} /usr/bin/cmake --build /home/rod/ros_ws/behaviorfleets/build/bt4_bumpgo -- -j8 -l8
[0.062s] [35m[1mConsolidate compiler generated dependencies of target delegation_node[0m
[0.075s] [ 10%] Built target gtest_main
[0.075s] [ 20%] Built target back_node
[0.077s] [ 30%] Built target forward_node
[0.078s] [ 40%] Built target turn_node
[0.079s] [ 50%] Built target is_obstacle_node
[0.080s] [ 60%] Built target gtest
[0.084s] [ 70%] Built target bt4_bumpgo
[0.086s] [ 75%] [32mBuilding CXX object CMakeFiles/delegation_node.dir/src/bt4_bumpgo/DelegationNode.cpp.o[0m
[0.101s] [ 85%] Built target bt_forward
[0.104s] [ 95%] Built target bt_action_test
[2.689s] In file included from [01m[K/home/rod/ros_ws/behaviorfleets/src/bt4_bumpgo/src/bt4_bumpgo/DelegationNode.cpp:5[m[K:
[2.689s] [01m[K/home/rod/ros_ws/behaviorfleets/src/bt4_bumpgo/include/bt4_bumpgo/DelegationNode.hpp:38:3:[m[K [01;31m[Kerror: [m[Kâ€˜[01m[Kstd_msgs[m[Kâ€™ does not name a type
[2.689s]    38 |   [01;31m[Kstd_msgs[m[K::msg::String::UniquePtr child_status_;
[2.689s]       |   [01;31m[K^~~~~~~~[m[K
[2.692s] [01m[K/home/rod/ros_ws/behaviorfleets/src/bt4_bumpgo/src/bt4_bumpgo/DelegationNode.cpp:14:63:[m[K [01;31m[Kerror: [m[Kâ€˜[01m[KNodeConfig[m[Kâ€™ does not name a type
[2.692s]    14 | DelegationNode::DelegationNode(const std::string &name, const [01;31m[KNodeConfig[m[K &config) :
[2.692s]       |                                                               [01;31m[K^~~~~~~~~~[m[K
[2.692s] [01m[K/home/rod/ros_ws/behaviorfleets/src/bt4_bumpgo/src/bt4_bumpgo/DelegationNode.cpp:14:1:[m[K [01;31m[Kerror: [m[Kno declaration matches â€˜[01m[Kbt4_bumpgo::DelegationNode::DelegationNode(const string&, const int&)[m[Kâ€™
[2.692s]    14 | [01;31m[KDelegationNode[m[K::DelegationNode(const std::string &name, const NodeConfig &config) :
[2.692s]       | [01;31m[K^~~~~~~~~~~~~~[m[K
[2.692s] In file included from [01m[K/home/rod/ros_ws/behaviorfleets/src/bt4_bumpgo/src/bt4_bumpgo/DelegationNode.cpp:5[m[K:
[2.693s] [01m[K/home/rod/ros_ws/behaviorfleets/src/bt4_bumpgo/include/bt4_bumpgo/DelegationNode.hpp:17:7:[m[K [01;36m[Knote: [m[Kcandidates are: â€˜[01m[Kbt4_bumpgo::DelegationNode::DelegationNode(const bt4_bumpgo::DelegationNode&)[m[Kâ€™
[2.693s]    17 | class [01;36m[KDelegationNode[m[K : public BT::DecoratorNode
[2.693s]       |       [01;36m[K^~~~~~~~~~~~~~[m[K
[2.693s] [01m[K/home/rod/ros_ws/behaviorfleets/src/bt4_bumpgo/include/bt4_bumpgo/DelegationNode.hpp:21:3:[m[K [01;36m[Knote: [m[K                â€˜[01m[Kbt4_bumpgo::DelegationNode::DelegationNode(const string&, const BT::NodeConfig&)[m[Kâ€™
[2.693s]    21 |   [01;36m[KDelegationNode[m[K(const std::string& name, const BT::NodeConfig& config);
[2.693s]       |   [01;36m[K^~~~~~~~~~~~~~[m[K
[2.693s] [01m[K/home/rod/ros_ws/behaviorfleets/src/bt4_bumpgo/include/bt4_bumpgo/DelegationNode.hpp:17:7:[m[K [01;36m[Knote: [m[Kâ€˜[01m[Kclass bt4_bumpgo::DelegationNode[m[Kâ€™ defined here
[2.693s]    17 | class [01;36m[KDelegationNode[m[K : public BT::DecoratorNode
[2.693s]       |       [01;36m[K^~~~~~~~~~~~~~[m[K
[2.706s] [01m[K/home/rod/ros_ws/behaviorfleets/src/bt4_bumpgo/src/bt4_bumpgo/DelegationNode.cpp:[m[K In member function â€˜[01m[Kvoid bt4_bumpgo::DelegationNode::child_status_callback(bf_msgs::msg::MissionStatus_<std::allocator<void> >::UniquePtr)[m[Kâ€™:
[2.706s] [01m[K/home/rod/ros_ws/behaviorfleets/src/bt4_bumpgo/src/bt4_bumpgo/DelegationNode.cpp:30:3:[m[K [01;31m[Kerror: [m[Kâ€˜[01m[Kchild_status_[m[Kâ€™ was not declared in this scope; did you mean â€˜[01m[Kchild_sub_[m[Kâ€™?
[2.706s]    30 |   [01;31m[Kchild_status_[m[K = std::move(msg);
[2.706s]       |   [01;31m[K^~~~~~~~~~~~~[m[K
[2.706s]       |   [32m[Kchild_sub_[m[K
[3.768s] gmake[2]: *** [CMakeFiles/delegation_node.dir/build.make:76: CMakeFiles/delegation_node.dir/src/bt4_bumpgo/DelegationNode.cpp.o] Error 1
[3.768s] gmake[1]: *** [CMakeFiles/Makefile2:288: CMakeFiles/delegation_node.dir/all] Error 2
[3.769s] gmake: *** [Makefile:146: all] Error 2
[3.771s] Invoked command in '/home/rod/ros_ws/behaviorfleets/build/bt4_bumpgo' returned '2': AMENT_PREFIX_PATH=/home/rod/ros_ws/behaviorfleets/install/bf_msgs:/home/rod/ros_ws/behaviorfleets/install/behaviortree_cpp:${AMENT_PREFIX_PATH} CMAKE_PREFIX_PATH=/home/rod/ros_ws/behaviorfleets/install/bf_msgs:/home/rod/ros_ws/behaviorfleets/install/behaviortree_cpp:/opt/ros/humble LD_LIBRARY_PATH=/home/rod/ros_ws/behaviorfleets/install/bf_msgs/lib:/home/rod/ros_ws/behaviorfleets/install/behaviortree_cpp/lib:/usr/lib/x86_64-linux-gnu/gazebo-11/plugins:/opt/ros/humble/opt/rviz_ogre_vendor/lib:/opt/ros/humble/lib/x86_64-linux-gnu:/opt/ros/humble/lib:/usr/share/gazebo/../../lib/x86_64-linux-gnu/gazebo-11/plugins PATH=/home/rod/ros_ws/behaviorfleets/install/behaviortree_cpp/bin:${PATH} PYTHONPATH=/home/rod/ros_ws/behaviorfleets/install/bf_msgs/local/lib/python3.10/dist-packages:${PYTHONPATH} /usr/bin/cmake --build /home/rod/ros_ws/behaviorfleets/build/bt4_bumpgo -- -j8 -l8
