[  5%] [32mBuilding CXX object CMakeFiles/delegation_node.dir/src/bt4_bumpgo/DelegationNode.cpp.o[0m
[ 15%] Built target gtest_main
[ 25%] Built target gtest
[ 55%] Built target turn_node
[ 55%] Built target is_obstacle_node
[ 55%] Built target bt4_bumpgo
[ 65%] Built target forward_node
[ 75%] Built target back_node
[ 85%] Built target bt_forward
[ 95%] Built target bt_action_test
In file included from [01m[K/home/rod/ros_ws/behaviorfleets/src/bt4_bumpgo/src/bt4_bumpgo/DelegationNode.cpp:5[m[K:
[01m[K/home/rod/ros_ws/behaviorfleets/src/bt4_bumpgo/include/bt4_bumpgo/DelegationNode.hpp:6:10:[m[K [01;31m[Kfatal error: [m[Kbehaviortree_cpp/behavior_tree.h: No such file or directory
    6 | #include [01;31m[K"behaviortree_cpp/behavior_tree.h"[m[K
      |          [01;31m[K^~~~~~~~~~~~~~~~~~~~~~~~~~~~~~~~~~[m[K
compilation terminated.
gmake[2]: *** [CMakeFiles/delegation_node.dir/build.make:76: CMakeFiles/delegation_node.dir/src/bt4_bumpgo/DelegationNode.cpp.o] Error 1
gmake[1]: *** [CMakeFiles/Makefile2:288: CMakeFiles/delegation_node.dir/all] Error 2
gmake: *** [Makefile:146: all] Error 2
