[0.018s] Invoking command in '/home/rod/ros_ws/behaviorfleets/build/bt4_bumpgo': AMENT_PREFIX_PATH=/home/rod/ros_ws/behaviorfleets/install/bf_msgs:/home/rod/ros_ws/behaviorfleets/install/behaviortree_cpp:${AMENT_PREFIX_PATH} CMAKE_PREFIX_PATH=/home/rod/ros_ws/behaviorfleets/install/bf_msgs:/home/rod/ros_ws/behaviorfleets/install/behaviortree_cpp:/opt/ros/humble LD_LIBRARY_PATH=/home/rod/ros_ws/behaviorfleets/install/bf_msgs/lib:/home/rod/ros_ws/behaviorfleets/install/behaviortree_cpp/lib:/usr/lib/x86_64-linux-gnu/gazebo-11/plugins:/opt/ros/humble/opt/rviz_ogre_vendor/lib:/opt/ros/humble/lib/x86_64-linux-gnu:/opt/ros/humble/lib:/usr/share/gazebo/../../lib/x86_64-linux-gnu/gazebo-11/plugins PATH=/home/rod/ros_ws/behaviorfleets/install/behaviortree_cpp/bin:${PATH} PYTHONPATH=/home/rod/ros_ws/behaviorfleets/install/bf_msgs/local/lib/python3.10/dist-packages:${PYTHONPATH} /usr/bin/cmake --build /home/rod/ros_ws/behaviorfleets/build/bt4_bumpgo -- -j8 -l8
[0.060s] [35m[1mConsolidate compiler generated dependencies of target delegation_node[0m
[0.072s] [ 10%] Built target gtest_main
[0.074s] [ 20%] Built target back_node
[0.075s] [ 30%] Built target gtest
[0.075s] [ 40%] Built target is_obstacle_node
[0.075s] [ 50%] Built target bt4_bumpgo
[0.076s] [ 60%] Built target forward_node
[0.082s] [ 70%] Built target turn_node
[0.082s] [ 75%] [32mBuilding CXX object CMakeFiles/delegation_node.dir/src/bt4_bumpgo/DelegationNode.cpp.o[0m
[0.097s] [ 85%] Built target bt_forward
[0.099s] [ 95%] Built target bt_action_test
[2.645s] [01m[K/home/rod/ros_ws/behaviorfleets/src/bt4_bumpgo/src/bt4_bumpgo/DelegationNode.cpp:[m[K In constructor â€˜[01m[Kbt4_bumpgo::DelegationNode::DelegationNode(const string&, const BT::NodeConfig&)[m[Kâ€™:
[2.645s] [01m[K/home/rod/ros_ws/behaviorfleets/src/bt4_bumpgo/src/bt4_bumpgo/DelegationNode.cpp:18:9:[m[K [01;31m[Kerror: [m[Kno match for call to â€˜[01m[K(const BT::NodeConfig) ()[m[Kâ€™
[2.645s]    18 |   [01;31m[Kconfig()[m[K.blackboard->get("node", node_);
[2.645s]       |   [01;31m[K~~~~~~^~[m[K
[2.648s] [01m[K/home/rod/ros_ws/behaviorfleets/src/bt4_bumpgo/src/bt4_bumpgo/DelegationNode.cpp:23:61:[m[K [01;31m[Kerror: [m[Kâ€˜[01m[K_1[m[Kâ€™ was not declared in this scope; did you mean â€˜[01m[Kstd::placeholders::_1[m[Kâ€™?
[2.648s]    23 |     std::bind(&DelegationNode::child_status_callback, this, [01;31m[K_1[m[K));
[2.648s]       |                                                             [01;31m[K^~[m[K
[2.648s]       |                                                             [32m[Kstd::placeholders::_1[m[K
[2.648s] In file included from [01m[K/home/rod/ros_ws/behaviorfleets/install/behaviortree_cpp/include/behaviortree_cpp/utils/signal.h:5[m[K,
[2.649s]                  from [01m[K/home/rod/ros_ws/behaviorfleets/install/behaviortree_cpp/include/behaviortree_cpp/tree_node.h:21[m[K,
[2.649s]                  from [01m[K/home/rod/ros_ws/behaviorfleets/install/behaviortree_cpp/include/behaviortree_cpp/control_node.h:17[m[K,
[2.649s]                  from [01m[K/home/rod/ros_ws/behaviorfleets/install/behaviortree_cpp/include/behaviortree_cpp/controls/parallel_node.h:17[m[K,
[2.649s]                  from [01m[K/home/rod/ros_ws/behaviorfleets/install/behaviortree_cpp/include/behaviortree_cpp/behavior_tree.h:16[m[K,
[2.649s]                  from [01m[K/home/rod/ros_ws/behaviorfleets/src/bt4_bumpgo/include/bt4_bumpgo/DelegationNode.hpp:6[m[K,
[2.649s]                  from [01m[K/home/rod/ros_ws/behaviorfleets/src/bt4_bumpgo/src/bt4_bumpgo/DelegationNode.cpp:5[m[K:
[2.649s] [01m[K/usr/include/c++/11/functional:225:34:[m[K [01;36m[Knote: [m[Kâ€˜[01m[Kstd::placeholders::_1[m[Kâ€™ declared here
[2.649s]   225 |     extern const _Placeholder<1> [01;36m[K_1[m[K;
[2.649s]       |                                  [01;36m[K^~[m[K
[4.425s] gmake[2]: *** [CMakeFiles/delegation_node.dir/build.make:76: CMakeFiles/delegation_node.dir/src/bt4_bumpgo/DelegationNode.cpp.o] Error 1
[4.425s] gmake[1]: *** [CMakeFiles/Makefile2:288: CMakeFiles/delegation_node.dir/all] Error 2
[4.425s] gmake: *** [Makefile:146: all] Error 2
[4.427s] Invoked command in '/home/rod/ros_ws/behaviorfleets/build/bt4_bumpgo' returned '2': AMENT_PREFIX_PATH=/home/rod/ros_ws/behaviorfleets/install/bf_msgs:/home/rod/ros_ws/behaviorfleets/install/behaviortree_cpp:${AMENT_PREFIX_PATH} CMAKE_PREFIX_PATH=/home/rod/ros_ws/behaviorfleets/install/bf_msgs:/home/rod/ros_ws/behaviorfleets/install/behaviortree_cpp:/opt/ros/humble LD_LIBRARY_PATH=/home/rod/ros_ws/behaviorfleets/install/bf_msgs/lib:/home/rod/ros_ws/behaviorfleets/install/behaviortree_cpp/lib:/usr/lib/x86_64-linux-gnu/gazebo-11/plugins:/opt/ros/humble/opt/rviz_ogre_vendor/lib:/opt/ros/humble/lib/x86_64-linux-gnu:/opt/ros/humble/lib:/usr/share/gazebo/../../lib/x86_64-linux-gnu/gazebo-11/plugins PATH=/home/rod/ros_ws/behaviorfleets/install/behaviortree_cpp/bin:${PATH} PYTHONPATH=/home/rod/ros_ws/behaviorfleets/install/bf_msgs/local/lib/python3.10/dist-packages:${PYTHONPATH} /usr/bin/cmake --build /home/rod/ros_ws/behaviorfleets/build/bt4_bumpgo -- -j8 -l8
