[01m[K/home/rod/ros_ws/behaviorfleets/src/bf_example/src/Test.cpp:[m[K In constructor â€˜[01m[Kbf_example::Test::Test()[m[Kâ€™:
[01m[K/home/rod/ros_ws/behaviorfleets/src/bf_example/src/Test.cpp:37:46:[m[K [01;31m[Kerror: [m[Kâ€˜[01m[K_1[m[Kâ€™ was not declared in this scope; did you mean â€˜[01m[Kstd::placeholders::_1[m[Kâ€™?
   37 |     std::bind(&Test::mission_callback, this, [01;31m[K_1[m[K));
      |                                              [01;31m[K^~[m[K
      |                                              [32m[Kstd::placeholders::_1[m[K
In file included from [01m[K/home/rod/ros_ws/behaviorfleets/install/behaviortree_cpp/include/behaviortree_cpp/utils/signal.h:5[m[K,
                 from [01m[K/home/rod/ros_ws/behaviorfleets/install/behaviortree_cpp/include/behaviortree_cpp/tree_node.h:21[m[K,
                 from [01m[K/home/rod/ros_ws/behaviorfleets/install/behaviortree_cpp/include/behaviortree_cpp/control_node.h:17[m[K,
                 from [01m[K/home/rod/ros_ws/behaviorfleets/install/behaviortree_cpp/include/behaviortree_cpp/controls/parallel_node.h:17[m[K,
                 from [01m[K/home/rod/ros_ws/behaviorfleets/install/behaviortree_cpp/include/behaviortree_cpp/behavior_tree.h:16[m[K,
                 from [01m[K/home/rod/ros_ws/behaviorfleets/src/bf_example/src/Test.cpp:20[m[K:
[01m[K/usr/include/c++/11/functional:225:34:[m[K [01;36m[Knote: [m[Kâ€˜[01m[Kstd::placeholders::_1[m[Kâ€™ declared here
  225 |     extern const _Placeholder<1> [01;36m[K_1[m[K;
      |                                  [01;36m[K^~[m[K
gmake[2]: *** [CMakeFiles/bf_example.dir/build.make:90: CMakeFiles/bf_example.dir/src/Test.cpp.o] Error 1
gmake[2]: *** Waiting for unfinished jobs....
gmake[1]: *** [CMakeFiles/Makefile2:137: CMakeFiles/bf_example.dir/all] Error 2
gmake: *** [Makefile:146: all] Error 2
