[35m[1mConsolidate compiler generated dependencies of target delegation_node[0m
[ 20%] Built target gtest
[ 20%] Built target gtest_main
[ 30%] Built target is_obstacle_node
[ 40%] Built target turn_node
[ 50%] Built target back_node
[ 60%] Built target forward_node
[ 70%] Built target bt4_bumpgo
[ 75%] [32mBuilding CXX object CMakeFiles/delegation_node.dir/src/bt4_bumpgo/DelegationNode.cpp.o[0m
[ 85%] Built target bt_forward
[ 95%] Built target bt_action_test
[01m[K/home/rod/ros_ws/behaviorfleets/src/bt4_bumpgo/src/bt4_bumpgo/DelegationNode.cpp:[m[K In constructor â€˜[01m[Kbt4_bumpgo::DelegationNode::DelegationNode(const string&, const BT::NodeConfig&)[m[Kâ€™:
[01m[K/home/rod/ros_ws/behaviorfleets/src/bt4_bumpgo/src/bt4_bumpgo/DelegationNode.cpp:18:9:[m[K [01;31m[Kerror: [m[Kno match for call to â€˜[01m[K(const BT::NodeConfig) ()[m[Kâ€™
   18 |   [01;31m[Kconfig()[m[K.blackboard->get("node", node_);
      |   [01;31m[K~~~~~~^~[m[K
[01m[K/home/rod/ros_ws/behaviorfleets/src/bt4_bumpgo/src/bt4_bumpgo/DelegationNode.cpp:20:39:[m[K [01;31m[Kerror: [m[Kâ€˜[01m[Kstd_msgs[m[Kâ€™ was not declared in this scope
   20 |   tree_pub_ = node_->create_publisher<[01;31m[Kstd_msgs[m[K::msg::String>("/mission_tree", 100);
      |                                       [01;31m[K^~~~~~~~[m[K
[01m[K/home/rod/ros_ws/behaviorfleets/src/bt4_bumpgo/src/bt4_bumpgo/DelegationNode.cpp:20:22:[m[K [01;31m[Kerror: [m[Kparse error in template argument list
   20 |   tree_pub_ = node_->[01;31m[Kcreate_publisher<std_msgs::msg::String>[m[K("/mission_tree", 100);
      |                      [01;31m[K^~~~~~~~~~~~~~~~~~~~~~~~~~~~~~~~~~~~~~~[m[K
[01m[K/home/rod/ros_ws/behaviorfleets/src/bt4_bumpgo/src/bt4_bumpgo/DelegationNode.cpp:20:61:[m[K [01;31m[Kerror: [m[Kno matching function for call to â€˜[01m[Krclcpp::Node::create_publisher<<expression error> >(const char [14], int)[m[Kâ€™
   20 |   tree_pub_ = [01;31m[Knode_->create_publisher<std_msgs::msg::String>("/mission_tree", 100)[m[K;
      |               [01;31m[K~~~~~~~~~~~~~~~~~~~~~~~~~~~~~~~~~~~~~~~~~~~~~~^~~~~~~~~~~~~~~~~~~~~~[m[K
In file included from [01m[K/opt/ros/humble/include/rclcpp/rclcpp/executors/single_threaded_executor.hpp:28[m[K,
                 from [01m[K/opt/ros/humble/include/rclcpp/rclcpp/executors.hpp:22[m[K,
                 from [01m[K/opt/ros/humble/include/rclcpp/rclcpp/rclcpp.hpp:155[m[K,
                 from [01m[K/home/rod/ros_ws/behaviorfleets/src/bt4_bumpgo/include/bt4_bumpgo/DelegationNode.hpp:12[m[K,
                 from [01m[K/home/rod/ros_ws/behaviorfleets/src/bt4_bumpgo/src/bt4_bumpgo/DelegationNode.cpp:5[m[K:
[01m[K/opt/ros/humble/include/rclcpp/rclcpp/node.hpp:195:3:[m[K [01;36m[Knote: [m[Kcandidate: â€˜[01m[Ktemplate<class MessageT, class AllocatorT, class PublisherT> std::shared_ptr<PublisherT> rclcpp::Node::create_publisher(const string&, const rclcpp::QoS&, const rclcpp::PublisherOptionsWithAllocator<AllocatorT>&)[m[Kâ€™
  195 |   [01;36m[Kcreate_publisher[m[K(
      |   [01;36m[K^~~~~~~~~~~~~~~~[m[K
[01m[K/opt/ros/humble/include/rclcpp/rclcpp/node.hpp:195:3:[m[K [01;36m[Knote: [m[K  template argument deduction/substitution failed:
[01m[K/home/rod/ros_ws/behaviorfleets/src/bt4_bumpgo/src/bt4_bumpgo/DelegationNode.cpp:20:61:[m[K [01;31m[Kerror: [m[Ktemplate argument 1 is invalid
   20 |   tree_pub_ = [01;31m[Knode_->create_publisher<std_msgs::msg::String>("/mission_tree", 100)[m[K;
      |               [01;31m[K~~~~~~~~~~~~~~~~~~~~~~~~~~~~~~~~~~~~~~~~~~~~~~^~~~~~~~~~~~~~~~~~~~~~[m[K
[01m[K/home/rod/ros_ws/behaviorfleets/src/bt4_bumpgo/src/bt4_bumpgo/DelegationNode.cpp:21:3:[m[K [01;31m[Kerror: [m[Kâ€˜[01m[Kchild_sub[m[Kâ€™ was not declared in this scope; did you mean â€˜[01m[Kchild_sub_[m[Kâ€™?
   21 |   [01;31m[Kchild_sub[m[K = create_subscription<bf_msgs::msg::MissionCommand>(
      |   [01;31m[K^~~~~~~~~[m[K
      |   [32m[Kchild_sub_[m[K
[01m[K/home/rod/ros_ws/behaviorfleets/src/bt4_bumpgo/src/bt4_bumpgo/DelegationNode.cpp:21:15:[m[K [01;31m[Kerror: [m[Kâ€˜[01m[Kcreate_subscription[m[Kâ€™ was not declared in this scope
   21 |   child_sub = [01;31m[Kcreate_subscription[m[K<bf_msgs::msg::MissionCommand>(
      |               [01;31m[K^~~~~~~~~~~~~~~~~~~[m[K
[01m[K/home/rod/ros_ws/behaviorfleets/src/bt4_bumpgo/src/bt4_bumpgo/DelegationNode.cpp:21:15:[m[K [01;36m[Knote: [m[Ksuggested alternatives:
In file included from [01m[K/opt/ros/humble/include/rclcpp/rclcpp/node_impl.hpp:43[m[K,
                 from [01m[K/opt/ros/humble/include/rclcpp/rclcpp/node.hpp:1321[m[K,
                 from [01m[K/opt/ros/humble/include/rclcpp/rclcpp/executors/single_threaded_executor.hpp:28[m[K,
                 from [01m[K/opt/ros/humble/include/rclcpp/rclcpp/executors.hpp:22[m[K,
                 from [01m[K/opt/ros/humble/include/rclcpp/rclcpp/rclcpp.hpp:155[m[K,
                 from [01m[K/home/rod/ros_ws/behaviorfleets/src/bt4_bumpgo/include/bt4_bumpgo/DelegationNode.hpp:12[m[K,
                 from [01m[K/home/rod/ros_ws/behaviorfleets/src/bt4_bumpgo/src/bt4_bumpgo/DelegationNode.cpp:5[m[K:
[01m[K/opt/ros/humble/include/rclcpp/rclcpp/create_subscription.hpp:206:1:[m[K [01;36m[Knote: [m[K  â€˜[01m[Krclcpp::create_subscription[m[Kâ€™
  206 | [01;36m[Kcreate_subscription[m[K(
      | [01;36m[K^~~~~~~~~~~~~~~~~~~[m[K
[01m[K/opt/ros/humble/include/rclcpp/rclcpp/create_subscription.hpp:56:1:[m[K [01;36m[Knote: [m[K  â€˜[01m[Krclcpp::detail::create_subscription[m[Kâ€™
   56 | [01;36m[Kcreate_subscription[m[K(
      | [01;36m[K^~~~~~~~~~~~~~~~~~~[m[K
[01m[K/home/rod/ros_ws/behaviorfleets/src/bt4_bumpgo/src/bt4_bumpgo/DelegationNode.cpp:21:63:[m[K [01;31m[Kerror: [m[Kexpected primary-expression before â€˜[01m[K>[m[Kâ€™ token
   21 |   child_sub = create_subscription<bf_msgs::msg::MissionCommand[01;31m[K>[m[K(
      |                                                               [01;31m[K^[m[K
[01m[K/home/rod/ros_ws/behaviorfleets/src/bt4_bumpgo/src/bt4_bumpgo/DelegationNode.cpp:23:61:[m[K [01;31m[Kerror: [m[Kâ€˜[01m[K_1[m[Kâ€™ was not declared in this scope; did you mean â€˜[01m[Kstd::placeholders::_1[m[Kâ€™?
   23 |     std::bind(&DelegationNode::child_status_callback, this, [01;31m[K_1[m[K));
      |                                                             [01;31m[K^~[m[K
      |                                                             [32m[Kstd::placeholders::_1[m[K
In file included from [01m[K/home/rod/ros_ws/behaviorfleets/install/behaviortree_cpp/include/behaviortree_cpp/utils/signal.h:5[m[K,
                 from [01m[K/home/rod/ros_ws/behaviorfleets/install/behaviortree_cpp/include/behaviortree_cpp/tree_node.h:21[m[K,
                 from [01m[K/home/rod/ros_ws/behaviorfleets/install/behaviortree_cpp/include/behaviortree_cpp/control_node.h:17[m[K,
                 from [01m[K/home/rod/ros_ws/behaviorfleets/install/behaviortree_cpp/include/behaviortree_cpp/controls/parallel_node.h:17[m[K,
                 from [01m[K/home/rod/ros_ws/behaviorfleets/install/behaviortree_cpp/include/behaviortree_cpp/behavior_tree.h:16[m[K,
                 from [01m[K/home/rod/ros_ws/behaviorfleets/src/bt4_bumpgo/include/bt4_bumpgo/DelegationNode.hpp:6[m[K,
                 from [01m[K/home/rod/ros_ws/behaviorfleets/src/bt4_bumpgo/src/bt4_bumpgo/DelegationNode.cpp:5[m[K:
[01m[K/usr/include/c++/11/functional:225:34:[m[K [01;36m[Knote: [m[Kâ€˜[01m[Kstd::placeholders::_1[m[Kâ€™ declared here
  225 |     extern const _Placeholder<1> [01;36m[K_1[m[K;
      |                                  [01;36m[K^~[m[K
gmake[2]: *** [CMakeFiles/delegation_node.dir/build.make:76: CMakeFiles/delegation_node.dir/src/bt4_bumpgo/DelegationNode.cpp.o] Error 1
gmake[1]: *** [CMakeFiles/Makefile2:288: CMakeFiles/delegation_node.dir/all] Error 2
gmake: *** [Makefile:146: all] Error 2
