[  5%] [32mBuilding CXX object CMakeFiles/delegation_node.dir/src/decorators/DelegationNode.cpp.o[0m
[ 15%] Built target forward_node
[ 25%] Built target turn_node
[ 45%] Built target gtest_main
[ 45%] Built target back_node
[ 55%] Built target is_obstacle_node
[ 65%] Built target gtest
[01m[K/home/rod/ros_ws/behaviorfleets/src/bt4_bumpgo/src/decorators/DelegationNode.cpp:1:10:[m[K [01;31m[Kfatal error: [m[Kbt4_bumpgo/decorators/DelegationNode.h: No such file or directory
    1 | #include [01;31m[K"bt4_bumpgo/decorators/DelegationNode.h"[m[K
      |          [01;31m[K^~~~~~~~~~~~~~~~~~~~~~~~~~~~~~~~~~~~~~~~[m[K
compilation terminated.
gmake[2]: *** [CMakeFiles/delegation_node.dir/build.make:76: CMakeFiles/delegation_node.dir/src/decorators/DelegationNode.cpp.o] Error 1
gmake[1]: *** [CMakeFiles/Makefile2:288: CMakeFiles/delegation_node.dir/all] Error 2
[ 75%] Built target bt4_bumpgo
gmake[1]: *** Waiting for unfinished jobs....
[35m[1mConsolidate compiler generated dependencies of target bt_forward[0m
[ 85%] Built target bt_forward
[ 95%] Built target bt_action_test
gmake: *** [Makefile:146: all] Error 2
