[0.018s] Invoking command in '/home/rod/ros_ws/behaviorfleets/build/bt4_bumpgo': AMENT_PREFIX_PATH=/home/rod/ros_ws/behaviorfleets/install/bf_msgs:/home/rod/ros_ws/behaviorfleets/install/behaviortree_cpp:${AMENT_PREFIX_PATH} CMAKE_PREFIX_PATH=/home/rod/ros_ws/behaviorfleets/install/bf_msgs:/home/rod/ros_ws/behaviorfleets/install/behaviortree_cpp:/opt/ros/humble LD_LIBRARY_PATH=/home/rod/ros_ws/behaviorfleets/install/bf_msgs/lib:/home/rod/ros_ws/behaviorfleets/install/behaviortree_cpp/lib:/usr/lib/x86_64-linux-gnu/gazebo-11/plugins:/opt/ros/humble/opt/rviz_ogre_vendor/lib:/opt/ros/humble/lib/x86_64-linux-gnu:/opt/ros/humble/lib:/usr/share/gazebo/../../lib/x86_64-linux-gnu/gazebo-11/plugins PATH=/home/rod/ros_ws/behaviorfleets/install/behaviortree_cpp/bin:${PATH} PYTHONPATH=/home/rod/ros_ws/behaviorfleets/install/bf_msgs/local/lib/python3.10/dist-packages:${PYTHONPATH} /usr/bin/cmake --build /home/rod/ros_ws/behaviorfleets/build/bt4_bumpgo -- -j8 -l8
[0.054s] [35m[1mConsolidate compiler generated dependencies of target gtest_main[0m
[0.054s] [35m[1mConsolidate compiler generated dependencies of target back_node[0m
[0.054s] [35m[1mConsolidate compiler generated dependencies of target turn_node[0m
[0.054s] [35m[1mConsolidate compiler generated dependencies of target gtest[0m
[0.055s] [35m[1mConsolidate compiler generated dependencies of target is_obstacle_node[0m
[0.055s] [35m[1mConsolidate compiler generated dependencies of target bt4_bumpgo[0m
[0.055s] [35m[1mConsolidate compiler generated dependencies of target forward_node[0m
[0.070s] [  5%] [32mBuilding CXX object CMakeFiles/delegation_node.dir/src/decorators/DelegationNode.cpp.o[0m
[0.077s] [ 25%] Built target gtest_main
[0.078s] [ 35%] Built target bt4_bumpgo
[0.079s] [ 25%] Built target gtest
[0.080s] [01m[K/home/rod/ros_ws/behaviorfleets/src/bt4_bumpgo/src/decorators/DelegationNode.cpp:1:10:[m[K [01;31m[Kfatal error: [m[Kbt4_bumpgo/decorators/delegation_node.h: No such file or directory
[0.080s] [ 45%] Built target is_obstacle_node
[0.081s]     1 | #include [01;31m[K"bt4_bumpgo/decorators/delegation_node.h"[m[K
[0.081s]       |          [01;31m[K^~~~~~~~~~~~~~~~~~~~~~~~~~~~~~~~~~~~~~~~~[m[K
[0.081s] compilation terminated.
[0.081s] gmake[2]: *** [CMakeFiles/delegation_node.dir/build.make:76: CMakeFiles/delegation_node.dir/src/decorators/DelegationNode.cpp.o] Error 1
[0.081s] gmake[1]: *** [CMakeFiles/Makefile2:288: CMakeFiles/delegation_node.dir/all] Error 2
[0.081s] gmake[1]: *** Waiting for unfinished jobs....
[0.083s] [ 55%] Built target forward_node
[0.083s] [ 65%] Built target back_node
[0.085s] [ 75%] Built target turn_node
[0.097s] [ 85%] [32mBuilding CXX object tests/CMakeFiles/bt_action_test.dir/bt_action_test.cpp.o[0m
[0.098s] [ 85%] [32mBuilding CXX object tests/CMakeFiles/bt_forward.dir/bt_forward_main.cpp.o[0m
[0.236s] [01m[K/home/rod/ros_ws/behaviorfleets/src/bt4_bumpgo/tests/bt_forward_main.cpp:21:10:[m[K [01;31m[Kfatal error: [m[Kbehaviortree_cpp/loggers/bt_zmq_publisher.h: No such file or directory
[0.236s]    21 | #include [01;31m[K"behaviortree_cpp/loggers/bt_zmq_publisher.h"[m[K
[0.237s]       |          [01;31m[K^~~~~~~~~~~~~~~~~~~~~~~~~~~~~~~~~~~~~~~~~~~~~[m[K
[0.237s] compilation terminated.
[0.242s] gmake[2]: *** [tests/CMakeFiles/bt_forward.dir/build.make:76: tests/CMakeFiles/bt_forward.dir/bt_forward_main.cpp.o] Error 1
[0.242s] gmake[1]: *** [CMakeFiles/Makefile2:367: tests/CMakeFiles/bt_forward.dir/all] Error 2
[11.457s] [ 90%] [32m[1mLinking CXX executable bt_action_test[0m
[12.169s] [ 90%] Built target bt_action_test
[12.170s] gmake: *** [Makefile:146: all] Error 2
[12.172s] Invoked command in '/home/rod/ros_ws/behaviorfleets/build/bt4_bumpgo' returned '2': AMENT_PREFIX_PATH=/home/rod/ros_ws/behaviorfleets/install/bf_msgs:/home/rod/ros_ws/behaviorfleets/install/behaviortree_cpp:${AMENT_PREFIX_PATH} CMAKE_PREFIX_PATH=/home/rod/ros_ws/behaviorfleets/install/bf_msgs:/home/rod/ros_ws/behaviorfleets/install/behaviortree_cpp:/opt/ros/humble LD_LIBRARY_PATH=/home/rod/ros_ws/behaviorfleets/install/bf_msgs/lib:/home/rod/ros_ws/behaviorfleets/install/behaviortree_cpp/lib:/usr/lib/x86_64-linux-gnu/gazebo-11/plugins:/opt/ros/humble/opt/rviz_ogre_vendor/lib:/opt/ros/humble/lib/x86_64-linux-gnu:/opt/ros/humble/lib:/usr/share/gazebo/../../lib/x86_64-linux-gnu/gazebo-11/plugins PATH=/home/rod/ros_ws/behaviorfleets/install/behaviortree_cpp/bin:${PATH} PYTHONPATH=/home/rod/ros_ws/behaviorfleets/install/bf_msgs/local/lib/python3.10/dist-packages:${PYTHONPATH} /usr/bin/cmake --build /home/rod/ros_ws/behaviorfleets/build/bt4_bumpgo -- -j8 -l8
